\BOOKMARK [1][-]{section.1}{}{}% 1
\BOOKMARK [2][-]{subsection.1.1}{\376\377\000\050\0002\000\040\000h\000o\000u\000r\000s\000\051}{section.1}% 2
\BOOKMARK [2][-]{subsection.1.2}{\376\377\000\050\0003\0000\000\040\000m\000i\000n\000\051}{section.1}% 3
\BOOKMARK [2][-]{subsection.1.3}{\376\377\000\050\0002\000\040\000m\000i\000n\000\051}{section.1}% 4
\BOOKMARK [2][-]{subsection.1.4}{\376\377\000\050\0003\0000\000\040\000m\000i\000n\000\051}{section.1}% 5
\BOOKMARK [2][-]{subsection.1.5}{\376\377\000\050\0002\0000\000\040\000m\000i\000n\000\051}{section.1}% 6
\BOOKMARK [1][-]{section.2}{}{}% 7
\BOOKMARK [2][-]{subsection.2.1}{\376\377\000\050\0004\0005\000\040\000m\000i\000n\000\051}{section.2}% 8
\BOOKMARK [2][-]{subsection.2.2}{\376\377\000\050\0001\0000\000\040\000m\000i\000n\000\051}{section.2}% 9
\BOOKMARK [2][-]{subsection.2.3}{\376\377\000\050\0002\0000\000\040\000m\000i\000n\000\051}{section.2}% 10
\BOOKMARK [1][-]{section.3}{}{}% 11
\BOOKMARK [2][-]{subsection.3.1}{\376\377\000\050\0004\0005\000\040\000m\000i\000n\000\051}{section.3}% 12
\BOOKMARK [2][-]{subsection.3.2}{\376\377\000\050\0003\000\040\000h\000r\000s\000\051}{section.3}% 13
\BOOKMARK [2][-]{subsection.3.3}{\376\377\000\050\0005\000\040\000m\000i\000n\000\051}{section.3}% 14
\BOOKMARK [2][-]{subsection.3.4}{\376\377\000\050\0001\0000\000\040\000m\000i\000n\000\051}{section.3}% 15
\BOOKMARK [2][-]{subsection.3.5}{\376\377\000\050\0001\0005\000\040\000m\000i\000n\000\051}{section.3}% 16
\BOOKMARK [1][-]{section.4}{}{}% 17
\BOOKMARK [2][-]{subsection.4.1}{\376\377\000\050\0002\000h\000r\000\051}{section.4}% 18
\BOOKMARK [2][-]{subsection.4.2}{\376\377\000\050\0002\0000\000m\000i\000n\000\051}{section.4}% 19
\BOOKMARK [2][-]{subsection.4.3}{\376\377\000\050\0001\000.\0005\000\040\000h\000r\000\051}{section.4}% 20
\BOOKMARK [2][-]{subsection.4.4}{\376\377\000\050\0001\000\040\000m\000i\000n\000\051}{section.4}% 21
\BOOKMARK [2][-]{subsection.4.5}{\376\377\000\050\0005\000\040\000m\000i\000n\000\051}{section.4}% 22
\BOOKMARK [1][-]{section.1}{\376\377\000A\000p\000p\000e\000n\000d\000i\000x}{}% 23
\BOOKMARK [2][-]{subsection.1.1}{\376\377\000d\000i\000y\0007}{section.1}% 24
\BOOKMARK [2][-]{subsection.1.2}{\376\377\000l\000i\000t\000m\000u\000s\0007}{section.1}% 25
\BOOKMARK [2][-]{subsection.1.3}{\376\377\000h\000e\000r\000d\0007}{section.1}% 26
\BOOKMARK [2][-]{subsection.1.4}{\376\377\000r\000m\000e\000m}{section.1}% 27
\BOOKMARK [2][-]{subsection.1.5}{\376\377\000m\000c\000o\000m\000p\000a\000r\000e\0007}{section.1}% 28
\BOOKMARK [1][-]{section.2}{\376\377\000A\000p\000p\000e\000n\000d\000i\000x}{}% 29
\BOOKMARK [2][-]{subsection.2.1}{}{section.2}% 30
\BOOKMARK [1][-]{section.3}{\376\377\000A\000p\000p\000e\000n\000d\000i\000x}{}% 31
\BOOKMARK [1][-]{lstnumber.25.88}{\376\377\000R\000e\000f\000e\000r\000e\000n\000c\000e\000s}{}% 32
\BOOKMARK [1][-]{lstnumber.25.88}{\376\377\000L\000i\000s\000t\000\040\000o\000f\000\040\000F\000i\000g\000u\000r\000e\000s}{}% 33
\BOOKMARK [1][-]{lstnumber.25.88}{\376\377\000L\000i\000s\000t\000\040\000o\000f\000\040\000T\000a\000b\000l\000e\000s}{}% 34
